Case #1:
1111001011111011 17  2  3  2  3  2  3  2  3643
1100001011111011 5  2  7  2  29  2  67  2  3
1100000111000101 3  29  1427  149  251  3  5  809  3
1100000110011001 29  19  577  23  13  3  5  29  3
1111000101101011 3  2  5  2  3  2  5  2  7
1100000010111101 3  2  5  2  139  2  353  2  23
1100001110011001 3  2  5  2  229  2  6199  2  41
1111001101101001 3  2  5  2  3  2  5  2  31
1111001101101011 5  13  4831  3  3  3  13  3  3
1111001110011001 3  2  5  2  3  2  53  2  307
1111001110011011 7  661  13  3  3  3  101  3  3
1100001111011011 3  2  5  2  37  2  5  2  3
1111001100101111 5  71  7  3  3  3  13  3  3
1111000011111001 3  2  5  2  3  2  11  2  197
1100000011111011 127  19  3  3  5  43  3  73  7
1111001101101101 101  7  4211  37  3  3  3  3  3
1111001101101111 3  2  3  2  3  2  929  2  251
1100001010110001 11  19  2767  3  773  3  3  17  3
1100000100100011 3  2  3  2  1297  2  11  2  73
1100001110011111 3  2  5  2  37  2  5  2  3
1100001100101001 47  7  4721  3  11  3  3  11  3
1111001111000011 3  2  5  2  3  2  5  2  13
1100001111000001 7  7  199  31  13  3  73  7  3
1111000110000101 17  2  31  2  3  2  7  2  3
1100001111000011 3  2  5  2  73  2  79  2  7
1100000110000101 107  2  3  2  7  2  3  2  11
1100000111011001 5  2  41  2  7  2  3  2  11
1111001010110111 5  37  271  3  3  3  13  3  3
1111001010110101 3  2  5  2  3  2  5  2  17
1100000110000011 3  2  3  2  37  2  5  2  7
1111000110000011 3  2  5  2  3  2  7  2  3
1111000111011111 11  2  3  2  3  2  19  2  241
1100001011111101 3  2  5  2  13  2  73  2  3
1100001111000101 23  2  7  2  7  2  3  2  11
1111001111000101 5  2  17  2  3  2  19  2  67
1100000100101001 3  2  3  2  17  2  5  2  101
1100000111011111 31  2  11  2  7  2  3  2  3
1100000010100111 149  173  739  3  23  3  3  31  3
1111000010100101 3  2  5  2  3  2  7  2  3
1111000100101001 3  2  5  2  3  2  7  2  3
1111001101100001 5  11  3  79  3  4111  3  3  1259
1100001101100001 11  127  11  73  167  3  5  67  3
1111000111011001 101  2  7  2  3  2  311  2  1319
1111001110010011 3  2  5  2  3  2  31  2  6991
1111001011111101 3  2  3  2  3  2  277  2  31
1111001111001101 13  11  47  5503  3  3  3  3  3
1100000111001001 7  7  43  31  29  3  73  7  3
1111001111001111 3  2  3  2  3  2  9973  2  29
1111000011101101 3  2  5  2  3  2  13  2  7
1111000110010111 23  2  29  2  3  2  19  2  79
